<?xml version="1.0" encoding="UTF-8"?>
<testng-results ignored="0" total="1" passed="1" failed="0" skipped="0">
  <reporter-output>
  </reporter-output>
  <suite started-at="2025-03-10T12:30:31 IST" name="Default suite" finished-at="2025-03-10T12:30:38 IST" duration-ms="6746">
    <groups>
    </groups>
    <test started-at="2025-03-10T12:30:31 IST" name="Default test" finished-at="2025-03-10T12:30:38 IST" duration-ms="6746">
      <class name="login.LoginTC1">
        <test-method is-config="true" signature="homePage()[pri:0, instance:login.LoginTC1@42e99e4a]" started-at="2025-03-10T12:30:31 IST" name="homePage" finished-at="2025-03-10T12:30:36 IST" duration-ms="4367" status="PASS">
          <reporter-output>
          </reporter-output>
        </test-method> <!-- homePage -->
        <test-method is-config="true" signature="login()[pri:0, instance:login.LoginTC1@42e99e4a]" started-at="2025-03-10T12:30:36 IST" name="login" finished-at="2025-03-10T12:30:37 IST" duration-ms="1400" status="PASS">
          <reporter-output>
          </reporter-output>
        </test-method> <!-- login -->
        <test-method signature="loginTestCase()[pri:0, instance:login.LoginTC1@42e99e4a]" started-at="2025-03-10T12:30:37 IST" name="loginTestCase" finished-at="2025-03-10T12:30:37 IST" duration-ms="9" status="PASS">
          <reporter-output>
          </reporter-output>
        </test-method> <!-- loginTestCase -->
        <test-method is-config="true" signature="logout()[pri:0, instance:login.LoginTC1@42e99e4a]" started-at="2025-03-10T12:30:37 IST" name="logout" finished-at="2025-03-10T12:30:38 IST" duration-ms="742" status="PASS">
          <reporter-output>
          </reporter-output>
        </test-method> <!-- logout -->
        <test-method is-config="true" signature="close()[pri:0, instance:login.LoginTC1@42e99e4a]" started-at="2025-03-10T12:30:38 IST" name="close" finished-at="2025-03-10T12:30:38 IST" duration-ms="201" status="PASS">
          <reporter-output>
          </reporter-output>
        </test-method> <!-- close -->
      </class> <!-- login.LoginTC1 -->
    </test> <!-- Default test -->
  </suite> <!-- Default suite -->
</testng-results>
